<?xml version="1.0" encoding="UTF-8"?>
<!-- Generated by org.testng.reporters.JUnitXMLReporter -->
<testsuite hostname="LAPTOP-GULOPTL6" ignored="0" name="Default test" tests="8" failures="0" timestamp="2022-05-19T15:14:59 IST" time="30.614" errors="0">
  <testcase name="launchBrowser" time="7.326" classname="com.digitalproject.DigitalProjectTestCases"/>
  <testcase name="verifyLoginPage" time="0.459" classname="com.digitalproject.DigitalProjectTestCases"/>
  <testcase name="verifyUsername" time="5.073" classname="com.digitalproject.DigitalProjectTestCases"/>
  <testcase name="verifyPassword" time="3.184" classname="com.digitalproject.DigitalProjectTestCases"/>
  <testcase name="verifyLoginButton" time="6.381" classname="com.digitalproject.DigitalProjectTestCases"/>
  <testcase name="windowMaximizes" time="0.364" classname="com.digitalproject.DigitalProjectTestCases"/>
  <testcase name="verifyFillingForm" time="7.675" classname="com.digitalproject.DigitalProjectTestCases"/>
  <testcase name="verifyApplicationInformation" time="0.097" classname="com.digitalproject.DigitalProjectTestCases"/>
</testsuite> <!-- Default test -->
