<?xml version="1.0" encoding="UTF-8"?>
<!-- Generated by org.testng.reporters.JUnitXMLReporter -->
<testsuite hostname="LAPTOP-GULOPTL6" ignored="0" name="Default test" tests="18" failures="1" timestamp="2022-05-20T21:19:34 IST" time="24.565" errors="0">
  <testcase name="launchBrowser" time="5.956" classname="com.digitalproject.DigitalProjectTestCases"/>
  <testcase name="verifyLoginPage" time="0.384" classname="com.digitalproject.DigitalProjectTestCases"/>
  <testcase name="verifyUsername" time="5.135" classname="com.digitalproject.DigitalProjectTestCases"/>
  <testcase name="verifyPassword" time="3.107" classname="com.digitalproject.DigitalProjectTestCases"/>
  <testcase name="verifyLoginButton" time="3.839" classname="com.digitalproject.DigitalProjectTestCases"/>
  <testcase name="windowMaximizes" time="0.325" classname="com.digitalproject.DigitalProjectTestCases"/>
  <testcase name="verifyFillingForm" time="1.136" classname="com.digitalproject.DigitalProjectTestCases"/>
  <testcase name="verifyApplicationInformation" time="0.085" classname="com.digitalproject.DigitalProjectTestCases"/>
  <testcase name="verifyMobileNumber" time="0.091" classname="com.digitalproject.DigitalProjectTestCases"/>
  <testcase name="verifyEmailId" time="0.093" classname="com.digitalproject.DigitalProjectTestCases"/>
  <testcase name="verifyAdhaarNumber" time="0.083" classname="com.digitalproject.DigitalProjectTestCases"/>
  <testcase name="verifyAddress" time="0.113" classname="com.digitalproject.DigitalProjectTestCases"/>
  <testcase name="scrollPage" time="0.017" classname="com.digitalproject.DigitalProjectTestCases"/>
  <testcase name="verifyBirthCheckBox" time="0.084" classname="com.digitalproject.DigitalProjectTestCases"/>
  <testcase name="verifyCheckName" time="0.138" classname="com.digitalproject.DigitalProjectTestCases"/>
  <testcase name="verifyCheckDate" time="0.192" classname="com.digitalproject.DigitalProjectTestCases"/>
  <testcase name="verifySaveForm" time="0.153" classname="com.digitalproject.DigitalProjectTestCases"/>
  <testcase name="verifyOkButton" time="3.517" classname="com.digitalproject.DigitalProjectTestCases">
    <failure type="java.lang.NullPointerException">
      <![CDATA[java.lang.NullPointerException
at com.digitalproject.DigitalProjectTestCases.verifyOkButton(DigitalProjectTestCases.java:123)
at sun.reflect.NativeMethodAccessorImpl.invoke0(Native Method)
at sun.reflect.NativeMethodAccessorImpl.invoke(NativeMethodAccessorImpl.java:62)
at sun.reflect.DelegatingMethodAccessorImpl.invoke(DelegatingMethodAccessorImpl.java:43)
at java.lang.reflect.Method.invoke(Method.java:498)
at org.testng.internal.invokers.MethodInvocationHelper.invokeMethod(MethodInvocationHelper.java:135)
at org.testng.internal.invokers.TestInvoker.invokeMethod(TestInvoker.java:673)
at org.testng.internal.invokers.TestInvoker.invokeTestMethod(TestInvoker.java:220)
at org.testng.internal.invokers.MethodRunner.runInSequence(MethodRunner.java:50)
at org.testng.internal.invokers.TestInvoker$MethodInvocationAgent.invoke(TestInvoker.java:945)
at org.testng.internal.invokers.TestInvoker.invokeTestMethods(TestInvoker.java:193)
at org.testng.internal.invokers.TestMethodWorker.invokeTestMethods(TestMethodWorker.java:146)
at org.testng.internal.invokers.TestMethodWorker.run(TestMethodWorker.java:128)
at java.util.ArrayList.forEach(ArrayList.java:1259)
at org.testng.TestRunner.privateRun(TestRunner.java:808)
at org.testng.TestRunner.run(TestRunner.java:603)
at org.testng.SuiteRunner.runTest(SuiteRunner.java:429)
at org.testng.SuiteRunner.runSequentially(SuiteRunner.java:423)
at org.testng.SuiteRunner.privateRun(SuiteRunner.java:383)
at org.testng.SuiteRunner.run(SuiteRunner.java:326)
at org.testng.SuiteRunnerWorker.runSuite(SuiteRunnerWorker.java:52)
at org.testng.SuiteRunnerWorker.run(SuiteRunnerWorker.java:95)
at org.testng.TestNG.runSuitesSequentially(TestNG.java:1249)
at org.testng.TestNG.runSuitesLocally(TestNG.java:1169)
at org.testng.TestNG.runSuites(TestNG.java:1092)
at org.testng.TestNG.run(TestNG.java:1060)
at org.testng.remote.AbstractRemoteTestNG.run(AbstractRemoteTestNG.java:115)
at org.testng.remote.RemoteTestNG.initAndRun(RemoteTestNG.java:251)
at org.testng.remote.RemoteTestNG.main(RemoteTestNG.java:77)
]]>
    </failure>
  </testcase> <!-- verifyOkButton -->
</testsuite> <!-- Default test -->
