<?xml version="1.0" encoding="UTF-8"?>
<testng-results skipped="0" failed="1" ignored="0" total="18" passed="17">
  <reporter-output>
  </reporter-output>
  <suite name="Default suite" duration-ms="61529" started-at="2022-06-13T15:33:56 IST" finished-at="2022-06-13T15:34:58 IST">
    <groups>
    </groups>
    <test name="Default test" duration-ms="61529" started-at="2022-06-13T15:33:56 IST" finished-at="2022-06-13T15:34:58 IST">
      <class name="com.digitalproject.DigitalProjectTestCases">
        <test-method status="PASS" signature="launchBrowser()[pri:-21, instance:com.digitalproject.DigitalProjectTestCases@78186a70]" name="launchBrowser" duration-ms="7772" started-at="2022-06-13T15:33:56 IST" finished-at="2022-06-13T15:34:04 IST">
          <reporter-output>
          </reporter-output>
        </test-method> <!-- launchBrowser -->
        <test-method status="PASS" signature="verifyLoginPage()[pri:-20, instance:com.digitalproject.DigitalProjectTestCases@78186a70]" name="verifyLoginPage" duration-ms="185" started-at="2022-06-13T15:34:04 IST" finished-at="2022-06-13T15:34:04 IST">
          <reporter-output>
          </reporter-output>
        </test-method> <!-- verifyLoginPage -->
        <test-method status="PASS" signature="verifyUsername()[pri:-19, instance:com.digitalproject.DigitalProjectTestCases@78186a70]" name="verifyUsername" duration-ms="5107" started-at="2022-06-13T15:34:04 IST" finished-at="2022-06-13T15:34:09 IST">
          <reporter-output>
          </reporter-output>
        </test-method> <!-- verifyUsername -->
        <test-method status="PASS" signature="verifyPassword()[pri:-18, instance:com.digitalproject.DigitalProjectTestCases@78186a70]" name="verifyPassword" duration-ms="3098" started-at="2022-06-13T15:34:09 IST" finished-at="2022-06-13T15:34:12 IST">
          <reporter-output>
          </reporter-output>
        </test-method> <!-- verifyPassword -->
        <test-method status="PASS" signature="verifyLoginButton()[pri:-17, instance:com.digitalproject.DigitalProjectTestCases@78186a70]" name="verifyLoginButton" duration-ms="31705" started-at="2022-06-13T15:34:12 IST" finished-at="2022-06-13T15:34:44 IST">
          <reporter-output>
          </reporter-output>
        </test-method> <!-- verifyLoginButton -->
        <test-method status="PASS" signature="windowMaximizes()[pri:-16, instance:com.digitalproject.DigitalProjectTestCases@78186a70]" name="windowMaximizes" duration-ms="319" started-at="2022-06-13T15:34:44 IST" finished-at="2022-06-13T15:34:44 IST">
          <reporter-output>
          </reporter-output>
        </test-method> <!-- windowMaximizes -->
        <test-method status="PASS" signature="verifyFillingForm()[pri:-14, instance:com.digitalproject.DigitalProjectTestCases@78186a70]" name="verifyFillingForm" duration-ms="8272" started-at="2022-06-13T15:34:44 IST" finished-at="2022-06-13T15:34:53 IST">
          <reporter-output>
          </reporter-output>
        </test-method> <!-- verifyFillingForm -->
        <test-method status="PASS" signature="verifyApplicationInformation()[pri:-13, instance:com.digitalproject.DigitalProjectTestCases@78186a70]" name="verifyApplicationInformation" duration-ms="115" started-at="2022-06-13T15:34:53 IST" finished-at="2022-06-13T15:34:53 IST">
          <reporter-output>
          </reporter-output>
        </test-method> <!-- verifyApplicationInformation -->
        <test-method status="PASS" signature="verifyMobileNumber()[pri:-12, instance:com.digitalproject.DigitalProjectTestCases@78186a70]" name="verifyMobileNumber" duration-ms="110" started-at="2022-06-13T15:34:53 IST" finished-at="2022-06-13T15:34:53 IST">
          <reporter-output>
          </reporter-output>
        </test-method> <!-- verifyMobileNumber -->
        <test-method status="PASS" signature="verifyEmailId()[pri:-11, instance:com.digitalproject.DigitalProjectTestCases@78186a70]" name="verifyEmailId" duration-ms="119" started-at="2022-06-13T15:34:53 IST" finished-at="2022-06-13T15:34:53 IST">
          <reporter-output>
          </reporter-output>
        </test-method> <!-- verifyEmailId -->
        <test-method status="PASS" signature="verifyAdhaarNumber()[pri:-10, instance:com.digitalproject.DigitalProjectTestCases@78186a70]" name="verifyAdhaarNumber" duration-ms="97" started-at="2022-06-13T15:34:53 IST" finished-at="2022-06-13T15:34:53 IST">
          <reporter-output>
          </reporter-output>
        </test-method> <!-- verifyAdhaarNumber -->
        <test-method status="PASS" signature="verifyAddress()[pri:-9, instance:com.digitalproject.DigitalProjectTestCases@78186a70]" name="verifyAddress" duration-ms="99" started-at="2022-06-13T15:34:53 IST" finished-at="2022-06-13T15:34:53 IST">
          <reporter-output>
          </reporter-output>
        </test-method> <!-- verifyAddress -->
        <test-method status="PASS" signature="scrollPage()[pri:-7, instance:com.digitalproject.DigitalProjectTestCases@78186a70]" name="scrollPage" duration-ms="13" started-at="2022-06-13T15:34:53 IST" finished-at="2022-06-13T15:34:53 IST">
          <reporter-output>
          </reporter-output>
        </test-method> <!-- scrollPage -->
        <test-method status="PASS" signature="verifyBirthCheckBox()[pri:-6, instance:com.digitalproject.DigitalProjectTestCases@78186a70]" name="verifyBirthCheckBox" duration-ms="81" started-at="2022-06-13T15:34:53 IST" finished-at="2022-06-13T15:34:53 IST">
          <reporter-output>
          </reporter-output>
        </test-method> <!-- verifyBirthCheckBox -->
        <test-method status="PASS" signature="verifyCheckName()[pri:-5, instance:com.digitalproject.DigitalProjectTestCases@78186a70]" name="verifyCheckName" duration-ms="106" started-at="2022-06-13T15:34:53 IST" finished-at="2022-06-13T15:34:53 IST">
          <reporter-output>
          </reporter-output>
        </test-method> <!-- verifyCheckName -->
        <test-method status="PASS" signature="verifyCheckDate()[pri:-4, instance:com.digitalproject.DigitalProjectTestCases@78186a70]" name="verifyCheckDate" duration-ms="107" started-at="2022-06-13T15:34:53 IST" finished-at="2022-06-13T15:34:53 IST">
          <reporter-output>
          </reporter-output>
        </test-method> <!-- verifyCheckDate -->
        <test-method status="PASS" signature="verifySaveForm()[pri:-3, instance:com.digitalproject.DigitalProjectTestCases@78186a70]" name="verifySaveForm" duration-ms="76" started-at="2022-06-13T15:34:53 IST" finished-at="2022-06-13T15:34:54 IST">
          <reporter-output>
          </reporter-output>
        </test-method> <!-- verifySaveForm -->
        <test-method status="FAIL" signature="verifyOkButton()[pri:-2, instance:com.digitalproject.DigitalProjectTestCases@78186a70]" name="verifyOkButton" duration-ms="4045" started-at="2022-06-13T15:34:54 IST" finished-at="2022-06-13T15:34:58 IST">
          <exception class="java.lang.NullPointerException">
            <full-stacktrace>
              <![CDATA[java.lang.NullPointerException
at com.digitalproject.DigitalProjectTestCases.verifyOkButton(DigitalProjectTestCases.java:123)
at sun.reflect.NativeMethodAccessorImpl.invoke0(Native Method)
at sun.reflect.NativeMethodAccessorImpl.invoke(NativeMethodAccessorImpl.java:62)
at sun.reflect.DelegatingMethodAccessorImpl.invoke(DelegatingMethodAccessorImpl.java:43)
at java.lang.reflect.Method.invoke(Method.java:498)
at org.testng.internal.MethodInvocationHelper.invokeMethod(MethodInvocationHelper.java:133)
at org.testng.internal.TestInvoker.invokeMethod(TestInvoker.java:598)
at org.testng.internal.TestInvoker.invokeTestMethod(TestInvoker.java:173)
at org.testng.internal.MethodRunner.runInSequence(MethodRunner.java:46)
at org.testng.internal.TestInvoker$MethodInvocationAgent.invoke(TestInvoker.java:824)
at org.testng.internal.TestInvoker.invokeTestMethods(TestInvoker.java:146)
at org.testng.internal.TestMethodWorker.invokeTestMethods(TestMethodWorker.java:146)
at org.testng.internal.TestMethodWorker.run(TestMethodWorker.java:128)
at java.util.ArrayList.forEach(ArrayList.java:1259)
at org.testng.TestRunner.privateRun(TestRunner.java:794)
at org.testng.TestRunner.run(TestRunner.java:596)
at org.testng.SuiteRunner.runTest(SuiteRunner.java:377)
at org.testng.SuiteRunner.runSequentially(SuiteRunner.java:371)
at org.testng.SuiteRunner.privateRun(SuiteRunner.java:332)
at org.testng.SuiteRunner.run(SuiteRunner.java:276)
at org.testng.SuiteRunnerWorker.runSuite(SuiteRunnerWorker.java:53)
at org.testng.SuiteRunnerWorker.run(SuiteRunnerWorker.java:96)
at org.testng.TestNG.runSuitesSequentially(TestNG.java:1212)
at org.testng.TestNG.runSuitesLocally(TestNG.java:1134)
at org.testng.TestNG.runSuites(TestNG.java:1063)
at org.testng.TestNG.run(TestNG.java:1031)
at org.testng.remote.AbstractRemoteTestNG.run(AbstractRemoteTestNG.java:115)
at org.testng.remote.RemoteTestNG.initAndRun(RemoteTestNG.java:251)
at org.testng.remote.RemoteTestNG.main(RemoteTestNG.java:77)
]]>
            </full-stacktrace>
          </exception> <!-- java.lang.NullPointerException -->
          <reporter-output>
          </reporter-output>
        </test-method> <!-- verifyOkButton -->
      </class> <!-- com.digitalproject.DigitalProjectTestCases -->
    </test> <!-- Default test -->
  </suite> <!-- Default suite -->
</testng-results>
